-------------------------------------------------------------------------------
Test set: mavensample.tests.sampleTest
-------------------------------------------------------------------------------
Tests run: 2, Failures: 1, Errors: 0, Skipped: 0, Time elapsed: 0.915 sec <<< FAILURE!
FirstTest(mavensample.tests.sampleTest)  Time elapsed: 0.034 sec  <<< FAILURE!
java.lang.AssertionError: null
	at org.testng.Assert.fail(Assert.java:96)
	at org.testng.Assert.fail(Assert.java:103)
	at mavensample.tests.sampleTest.FirstTest(sampleTest.java:11)

